c:\users\usuario\documents\usac\3.tercer año\estructuras de datos\proyectos\practicas\p1\p1_3structuras\practica 1\x64\debug\vc142.pdb
c:\users\usuario\documents\usac\3.tercer año\estructuras de datos\proyectos\practicas\p1\p1_3structuras\practica 1\x64\debug\vc142.idb
c:\users\usuario\documents\usac\3.tercer año\estructuras de datos\proyectos\practicas\p1\p1_3structuras\practica 1\x64\debug\metodos.obj
c:\users\usuario\documents\usac\3.tercer año\estructuras de datos\proyectos\practicas\p1\p1_3structuras\practica 1\x64\debug\source.obj
c:\users\usuario\documents\usac\3.tercer año\estructuras de datos\proyectos\practicas\p1\p1_3structuras\practica 1\x64\debug\practica 1.obj
c:\users\usuario\documents\usac\3.tercer año\estructuras de datos\proyectos\practicas\p1\p1_3structuras\practica 1\x64\debug\pilarevertido.obj
c:\users\usuario\documents\usac\3.tercer año\estructuras de datos\proyectos\practicas\p1\p1_3structuras\practica 1\x64\debug\pilacambio.obj
c:\users\usuario\documents\usac\3.tercer año\estructuras de datos\proyectos\practicas\p1\p1_3structuras\practica 1\x64\debug\nodocircular.obj
c:\users\usuario\documents\usac\3.tercer año\estructuras de datos\proyectos\practicas\p1\p1_3structuras\practica 1\x64\debug\nodo.obj
c:\users\usuario\documents\usac\3.tercer año\estructuras de datos\proyectos\practicas\p1\p1_3structuras\practica 1\x64\debug\listadobleletras.obj
c:\users\usuario\documents\usac\3.tercer año\estructuras de datos\proyectos\practicas\p1\p1_3structuras\practica 1\x64\debug\listacircular.obj
c:\users\usuario\documents\usac\3.tercer año\estructuras de datos\proyectos\practicas\p1\p1_3structuras\practica 1\x64\debug\cambio.obj
c:\users\usuario\documents\usac\3.tercer año\estructuras de datos\proyectos\practicas\p1\p1_3structuras\practica 1\x64\debug\archivos.obj
c:\users\usuario\documents\usac\3.tercer año\estructuras de datos\proyectos\practicas\p1\p1_3structuras\x64\debug\practica 1.exe
c:\users\usuario\documents\usac\3.tercer año\estructuras de datos\proyectos\practicas\p1\p1_3structuras\x64\debug\practica 1.ilk
c:\users\usuario\documents\usac\3.tercer año\estructuras de datos\proyectos\practicas\p1\p1_3structuras\x64\debug\practica 1.pdb
c:\users\usuario\documents\usac\3.tercer año\estructuras de datos\proyectos\practicas\p1\p1_3structuras\practica 1\x64\debug\listadobleletras.new.obj.enc
c:\users\usuario\documents\usac\3.tercer año\estructuras de datos\proyectos\practicas\p1\p1_3structuras\practica 1\x64\debug\practica 1.tlog\cl.command.1.tlog
c:\users\usuario\documents\usac\3.tercer año\estructuras de datos\proyectos\practicas\p1\p1_3structuras\practica 1\x64\debug\practica 1.tlog\cl.read.1.tlog
c:\users\usuario\documents\usac\3.tercer año\estructuras de datos\proyectos\practicas\p1\p1_3structuras\practica 1\x64\debug\practica 1.tlog\cl.write.1.tlog
c:\users\usuario\documents\usac\3.tercer año\estructuras de datos\proyectos\practicas\p1\p1_3structuras\practica 1\x64\debug\practica 1.tlog\link.command.1.tlog
c:\users\usuario\documents\usac\3.tercer año\estructuras de datos\proyectos\practicas\p1\p1_3structuras\practica 1\x64\debug\practica 1.tlog\link.read.1.tlog
c:\users\usuario\documents\usac\3.tercer año\estructuras de datos\proyectos\practicas\p1\p1_3structuras\practica 1\x64\debug\practica 1.tlog\link.write.1.tlog
